<?xml version='1.0' encoding='utf-8'?>
<testsuite name="UTH Portal Mobile" tests="30" failures="0" errors="0" skipped="0"><testcase classname="Open App" name="TC001" time="1.281"><properties><property name="labels" value="Positive" /></properties></testcase><testcase classname="Splash Navigation" name="TC002" time="0.526"><properties><property name="labels" value="Positive" /></properties></testcase><testcase classname="Login" name="TC003" time="0.713"><properties><property name="labels" value="Positive" /></properties></testcase><testcase classname="Login" name="TC004" time="0.563"><properties><property name="labels" value="Negative" /></properties></testcase><testcase classname="Login" name="TC005" time="0.539"><properties><property name="labels" value="Negative, Authorization" /></properties></testcase><testcase classname="Login" name="TC006" time="1.011"><properties><property name="labels" value="Negative, Authorization" /></properties></testcase><testcase classname="Student Profile" name="TC007" time="0.737"><properties><property name="labels" value="Positive" /></properties></testcase><testcase classname="Student Curriculum" name="TC008" time="0.765"><properties><property name="labels" value="Positive" /></properties></testcase><testcase classname="Student Timetable" name="TC009" time="0.706"><properties><property name="labels" value="Positive" /></properties></testcase><testcase classname="Student Grades" name="TC010" time="0.705"><properties><property name="labels" value="Positive" /></properties></testcase><testcase classname="Course Registration" name="TC011" time="0.854"><properties><property name="labels" value="Positive" /></properties></testcase><testcase classname="Course Registration" name="TC012" time="0.786"><properties><property name="labels" value="Negative, Duplicate" /></properties></testcase><testcase classname="Course Registration" name="TC013" time="0.674"><properties><property name="labels" value="Negative, Boundary" /></properties></testcase><testcase classname="Course Cancellation" name="TC014" time="0.923"><properties><property name="labels" value="Negative, Boundary" /></properties></testcase><testcase classname="Tuition Payment" name="TC015" time="0.976"><properties><property name="labels" value="Positive" /></properties></testcase><testcase classname="Graduation Application" name="TC016" time="0.708"><properties><property name="labels" value="Negative, Boundary" /></properties></testcase><testcase classname="Graduation Application" name="TC017" time="0.736"><properties><property name="labels" value="Positive" /></properties></testcase><testcase classname="Lecturer Schedule" name="TC018" time="0.725"><properties><property name="labels" value="Positive" /></properties></testcase><testcase classname="Lecturer Class Students" name="TC019" time="0.696"><properties><property name="labels" value="Positive" /></properties></testcase><testcase classname="Lecturer Grading" name="TC020" time="4.826"><properties><property name="labels" value="Positive" /></properties></testcase><testcase classname="Account Management" name="TC021" time="0.852"><properties><property name="labels" value="Positive" /></properties></testcase><testcase classname="Account Management" name="TC022" time="0.926"><properties><property name="labels" value="Positive, Authorization" /></properties></testcase><testcase classname="Student Management" name="TC023" time="0.752"><properties><property name="labels" value="Positive" /></properties></testcase><testcase classname="Student Management" name="TC024" time="0.855"><properties><property name="labels" value="Positive" /></properties></testcase><testcase classname="Student Management" name="TC025" time="0.722"><properties><property name="labels" value="Negative, Boundary" /></properties></testcase><testcase classname="Admin Curriculum" name="TC026" time="0.732"><properties><property name="labels" value="Positive" /></properties></testcase><testcase classname="Class Management" name="TC027" time="0.830"><properties><property name="labels" value="Positive" /></properties></testcase><testcase classname="Graduation Approval" name="TC028" time="0.794"><properties><property name="labels" value="Positive" /></properties></testcase><testcase classname="Logout" name="TC029" time="0.684"><properties><property name="labels" value="Positive" /></properties></testcase><testcase classname="Class Management" name="TC030" time="0.786"><properties><property name="labels" value="Negative, Duplicate" /></properties></testcase></testsuite>